0 info it worked if it ends with ok
1 verbose cli [ 'node',
1 verbose cli   '/usr/local/bin/npm',
1 verbose cli   '--registry',
1 verbose cli   'http://registry.npmjs.eu/',
1 verbose cli   'publish' ]
2 info using npm@1.4.9
3 info using node@v0.10.28
4 verbose publish [ '.' ]
5 verbose cache add [ '.', null ]
6 verbose cache add name=undefined spec="." args=[".",null]
7 verbose parsed url { protocol: null,
7 verbose parsed url   slashes: null,
7 verbose parsed url   auth: null,
7 verbose parsed url   host: null,
7 verbose parsed url   port: null,
7 verbose parsed url   hostname: null,
7 verbose parsed url   hash: null,
7 verbose parsed url   search: null,
7 verbose parsed url   query: null,
7 verbose parsed url   pathname: '.',
7 verbose parsed url   path: '.',
7 verbose parsed url   href: '.' }
8 silly lockFile 3a52ce78- .
9 verbose lock . /Users/xperiments/.npm/3a52ce78-.lock
10 verbose tar pack [ '/var/folders/yh/xbpwnzy904s1g783v6zxyv3c0000gn/T/npm-3154-pfMlWDj-/1402949773263-0.5201469212770462/tmp.tgz',
10 verbose tar pack   '.' ]
11 verbose tarball /var/folders/yh/xbpwnzy904s1g783v6zxyv3c0000gn/T/npm-3154-pfMlWDj-/1402949773263-0.5201469212770462/tmp.tgz
12 verbose folder .
13 info prepublish cabinjs-admin@0.0.1
14 silly lockFile 1f1177db-tar tar://.
15 verbose lock tar://. /Users/xperiments/.npm/1f1177db-tar.lock
16 silly lockFile 65275b83-73263-0-5201469212770462-tmp-tgz tar:///var/folders/yh/xbpwnzy904s1g783v6zxyv3c0000gn/T/npm-3154-pfMlWDj-/1402949773263-0.5201469212770462/tmp.tgz
17 verbose lock tar:///var/folders/yh/xbpwnzy904s1g783v6zxyv3c0000gn/T/npm-3154-pfMlWDj-/1402949773263-0.5201469212770462/tmp.tgz /Users/xperiments/.npm/65275b83-73263-0-5201469212770462-tmp-tgz.lock
18 silly lockFile 1f1177db-tar tar://.
19 silly lockFile 1f1177db-tar tar://.
20 silly lockFile 65275b83-73263-0-5201469212770462-tmp-tgz tar:///var/folders/yh/xbpwnzy904s1g783v6zxyv3c0000gn/T/npm-3154-pfMlWDj-/1402949773263-0.5201469212770462/tmp.tgz
21 silly lockFile 65275b83-73263-0-5201469212770462-tmp-tgz tar:///var/folders/yh/xbpwnzy904s1g783v6zxyv3c0000gn/T/npm-3154-pfMlWDj-/1402949773263-0.5201469212770462/tmp.tgz
22 verbose tar unpack /var/folders/yh/xbpwnzy904s1g783v6zxyv3c0000gn/T/npm-3154-pfMlWDj-/1402949773263-0.5201469212770462/tmp.tgz
23 silly lockFile a7fae9b2--npm-cabinjs-admin-0-0-1-package tar:///Users/xperiments/.npm/cabinjs-admin/0.0.1/package
24 verbose lock tar:///Users/xperiments/.npm/cabinjs-admin/0.0.1/package /Users/xperiments/.npm/a7fae9b2--npm-cabinjs-admin-0-0-1-package.lock
25 silly lockFile 65275b83-73263-0-5201469212770462-tmp-tgz tar:///var/folders/yh/xbpwnzy904s1g783v6zxyv3c0000gn/T/npm-3154-pfMlWDj-/1402949773263-0.5201469212770462/tmp.tgz
26 verbose lock tar:///var/folders/yh/xbpwnzy904s1g783v6zxyv3c0000gn/T/npm-3154-pfMlWDj-/1402949773263-0.5201469212770462/tmp.tgz /Users/xperiments/.npm/65275b83-73263-0-5201469212770462-tmp-tgz.lock
27 silly gunzTarPerm modes [ '755', '644' ]
28 silly gunzTarPerm extractEntry package.json
29 silly gunzTarPerm extractEntry .npmignore
30 silly gunzTarPerm extractEntry README.md
31 silly gunzTarPerm extractEntry LICENSE
32 silly gunzTarPerm extractEntry cabinjs-admin.js
33 silly gunzTarPerm extractEntry admin/package.json
34 silly gunzTarPerm extractEntry admin/Gruntfile.js
35 silly gunzTarPerm extractEntry admin/bower.json
36 silly gunzTarPerm extractEntry admin/index.html
37 silly gunzTarPerm extractEntry admin/js/app.js
38 silly gunzTarPerm extractEntry admin/lib/ace-builds/README.md
39 silly gunzTarPerm extractEntry admin/lib/ace-builds/LICENSE
40 silly gunzTarPerm extractEntry admin/lib/ace-builds/static_highlight.js
41 silly gunzTarPerm extractEntry admin/lib/ace-builds/kitchen-sink-req.html
42 silly gunzTarPerm extractEntry admin/lib/ace-builds/editor.html
43 silly gunzTarPerm extractEntry admin/lib/ace-builds/ChangeLog.txt
44 silly gunzTarPerm extractEntry admin/lib/ace-builds/kitchen-sink.html
45 silly gunzTarPerm extractEntry admin/lib/ace-builds/scrollable-page.html
46 silly gunzTarPerm extractEntry admin/lib/ace-builds/src-min-noconflict/ace.js
47 silly gunzTarPerm extractEntry admin/lib/ace-builds/src-min-noconflict/mode-mushcode.js
48 silly gunzTarPerm extractEntry admin/lib/ace-builds/src-min-noconflict/mode-mushcode_high_rules.js
49 silly gunzTarPerm extractEntry admin/lib/ace-builds/src-min-noconflict/mode-mysql.js
50 silly gunzTarPerm extractEntry admin/lib/ace-builds/src-min-noconflict/mode-mel.js
51 silly gunzTarPerm extractEntry admin/lib/ace-builds/src-min-noconflict/ext-chromevox.js
52 silly gunzTarPerm extractEntry admin/lib/ace-builds/src-min-noconflict/mode-ocaml.js
53 silly gunzTarPerm extractEntry admin/lib/ace-builds/src-min-noconflict/mode-pascal.js
54 silly gunzTarPerm extractEntry admin/lib/ace-builds/src-min-noconflict/mode-perl.js
55 silly gunzTarPerm extractEntry admin/lib/ace-builds/src-min-noconflict/mode-pgsql.js
56 silly gunzTarPerm extractEntry admin/lib/ace-builds/src-min-noconflict/mode-matlab.js
57 silly gunzTarPerm extractEntry admin/lib/ace-builds/src-min-noconflict/mode-php.js
58 silly gunzTarPerm extractEntry admin/lib/ace-builds/src-min-noconflict/mode-markdown.js
59 silly gunzTarPerm extractEntry admin/lib/ace-builds/src-min-noconflict/mode-plain_text.js
60 silly gunzTarPerm extractEntry admin/lib/ace-builds/src-min-noconflict/mode-makefile.js
61 silly gunzTarPerm extractEntry admin/lib/ace-builds/src-min-noconflict/mode-powershell.js
62 silly gunzTarPerm extractEntry admin/lib/ace-builds/src-min-noconflict/mode-lucene.js
63 silly gunzTarPerm extractEntry admin/lib/ace-builds/src-min-noconflict/mode-prolog.js
64 silly gunzTarPerm extractEntry admin/lib/ace-builds/src-min-noconflict/mode-luapage.js
65 silly gunzTarPerm extractEntry admin/lib/ace-builds/src-min-noconflict/mode-properties.js
66 silly gunzTarPerm extractEntry admin/lib/ace-builds/src-min-noconflict/mode-lua.js
67 silly gunzTarPerm extractEntry admin/lib/ace-builds/src-min-noconflict/mode-protobuf.js
68 silly gunzTarPerm extractEntry admin/lib/ace-builds/src-min-noconflict/mode-lsl.js
69 silly gunzTarPerm extractEntry admin/lib/ace-builds/src-min-noconflict/mode-python.js
70 silly gunzTarPerm extractEntry admin/lib/ace-builds/src-min-noconflict/mode-logiql.js
71 silly gunzTarPerm extractEntry admin/lib/ace-builds/src-min-noconflict/mode-r.js
72 silly gunzTarPerm extractEntry admin/lib/ace-builds/src-min-noconflict/mode-livescript.js
73 silly gunzTarPerm extractEntry admin/lib/ace-builds/src-min-noconflict/mode-rdoc.js
74 silly gunzTarPerm extractEntry admin/lib/ace-builds/src-min-noconflict/mode-lisp.js
75 silly gunzTarPerm extractEntry admin/lib/ace-builds/src-min-noconflict/mode-rhtml.js
76 silly gunzTarPerm extractEntry admin/lib/ace-builds/src-min-noconflict/mode-liquid.js
77 silly gunzTarPerm extractEntry admin/lib/ace-builds/src-min-noconflict/mode-ruby.js
78 silly gunzTarPerm extractEntry admin/lib/ace-builds/src-min-noconflict/mode-less.js
79 silly gunzTarPerm extractEntry admin/lib/ace-builds/src-min-noconflict/mode-rust.js
80 silly gunzTarPerm extractEntry admin/lib/ace-builds/src-min-noconflict/mode-latex.js
81 silly gunzTarPerm extractEntry admin/lib/ace-builds/src-min-noconflict/mode-sass.js
82 silly gunzTarPerm extractEntry admin/lib/ace-builds/src-min-noconflict/mode-julia.js
83 silly gunzTarPerm extractEntry admin/lib/ace-builds/src-min-noconflict/mode-scad.js
84 silly gunzTarPerm extractEntry admin/lib/ace-builds/src-min-noconflict/mode-jsx.js
85 silly gunzTarPerm extractEntry admin/lib/ace-builds/src-min-noconflict/mode-scala.js
86 silly gunzTarPerm extractEntry admin/lib/ace-builds/src-min-noconflict/mode-jsp.js
87 silly gunzTarPerm extractEntry admin/lib/ace-builds/src-min-noconflict/mode-scheme.js
88 silly gunzTarPerm extractEntry admin/lib/ace-builds/src-min-noconflict/mode-jsoniq.js
89 silly gunzTarPerm extractEntry admin/lib/ace-builds/src-min-noconflict/mode-scss.js
90 silly gunzTarPerm extractEntry admin/lib/ace-builds/src-min-noconflict/mode-json.js
91 silly gunzTarPerm extractEntry admin/lib/ace-builds/src-min-noconflict/mode-sh.js
92 silly gunzTarPerm extractEntry admin/lib/ace-builds/src-min-noconflict/mode-javascript.js
93 silly gunzTarPerm extractEntry admin/lib/ace-builds/src-min-noconflict/mode-sjs.js
94 silly gunzTarPerm extractEntry admin/lib/ace-builds/src-min-noconflict/mode-java.js
95 silly gunzTarPerm extractEntry admin/lib/ace-builds/src-min-noconflict/mode-smarty.js
96 silly gunzTarPerm extractEntry admin/lib/ace-builds/src-min-noconflict/mode-jade.js
97 silly gunzTarPerm extractEntry admin/lib/ace-builds/src-min-noconflict/mode-snippets.js
98 silly gunzTarPerm extractEntry admin/lib/ace-builds/src-min-noconflict/mode-jack.js
99 silly gunzTarPerm extractEntry admin/lib/ace-builds/src-min-noconflict/mode-soy_template.js
100 silly gunzTarPerm extractEntry admin/lib/ace-builds/src-min-noconflict/mode-ini.js
101 silly gunzTarPerm extractEntry admin/lib/ace-builds/src-min-noconflict/mode-space.js
102 silly gunzTarPerm extractEntry admin/lib/ace-builds/src-min-noconflict/mode-html_ruby.js
103 silly gunzTarPerm extractEntry admin/lib/ace-builds/src-min-noconflict/mode-sql.js
104 silly gunzTarPerm extractEntry admin/lib/ace-builds/src-min-noconflict/mode-html_completions.js
105 silly gunzTarPerm extractEntry admin/lib/ace-builds/src-min-noconflict/mode-stylus.js
106 silly gunzTarPerm extractEntry admin/lib/ace-builds/src-min-noconflict/mode-html.js
107 silly gunzTarPerm extractEntry admin/lib/ace-builds/src-min-noconflict/mode-svg.js
108 silly gunzTarPerm extractEntry admin/lib/ace-builds/src-min-noconflict/mode-haxe.js
109 silly gunzTarPerm extractEntry admin/lib/ace-builds/src-min-noconflict/mode-tcl.js
110 silly gunzTarPerm extractEntry admin/lib/ace-builds/src-min-noconflict/mode-haskell.js
111 silly gunzTarPerm extractEntry admin/lib/ace-builds/src-min-noconflict/mode-tex.js
112 silly gunzTarPerm extractEntry admin/lib/ace-builds/src-min-noconflict/mode-handlebars.js
113 silly gunzTarPerm extractEntry admin/lib/ace-builds/src-min-noconflict/mode-text.js
114 silly gunzTarPerm extractEntry admin/lib/ace-builds/src-min-noconflict/mode-haml.js
115 silly gunzTarPerm extractEntry admin/lib/ace-builds/src-min-noconflict/mode-textile.js
116 silly gunzTarPerm extractEntry admin/lib/ace-builds/src-min-noconflict/mode-groovy.js
117 silly gunzTarPerm extractEntry admin/lib/ace-builds/src-min-noconflict/mode-toml.js
118 silly gunzTarPerm extractEntry admin/lib/ace-builds/src-min-noconflict/mode-golang.js
119 silly gunzTarPerm extractEntry admin/lib/ace-builds/src-min-noconflict/mode-twig.js
120 silly gunzTarPerm extractEntry admin/lib/ace-builds/src-min-noconflict/mode-glsl.js
121 silly gunzTarPerm extractEntry admin/lib/ace-builds/src-min-noconflict/mode-typescript.js
122 silly gunzTarPerm extractEntry admin/lib/ace-builds/src-min-noconflict/mode-gherkin.js
123 silly gunzTarPerm extractEntry admin/lib/ace-builds/src-min-noconflict/mode-vbscript.js
124 silly gunzTarPerm extractEntry admin/lib/ace-builds/src-min-noconflict/mode-ftl.js
125 silly gunzTarPerm extractEntry admin/lib/ace-builds/src-min-noconflict/mode-velocity.js
126 silly gunzTarPerm extractEntry admin/lib/ace-builds/src-min-noconflict/mode-forth.js
127 silly gunzTarPerm extractEntry admin/lib/ace-builds/src-min-noconflict/mode-verilog.js
128 silly gunzTarPerm extractEntry admin/lib/ace-builds/src-min-noconflict/mode-erlang.js
129 silly gunzTarPerm extractEntry admin/lib/ace-builds/src-min-noconflict/mode-vhdl.js
130 silly gunzTarPerm extractEntry admin/lib/ace-builds/src-min-noconflict/mode-ejs.js
131 silly gunzTarPerm extractEntry admin/lib/ace-builds/src-min-noconflict/mode-xml.js
132 silly gunzTarPerm extractEntry admin/lib/ace-builds/src-min-noconflict/mode-dot.js
133 silly gunzTarPerm extractEntry admin/lib/ace-builds/src-min-noconflict/mode-xquery.js
134 silly gunzTarPerm extractEntry admin/lib/ace-builds/src-min-noconflict/mode-django.js
135 silly gunzTarPerm extractEntry admin/lib/ace-builds/src-min-noconflict/mode-yaml.js
136 silly gunzTarPerm extractEntry admin/lib/ace-builds/src-min-noconflict/mode-diff.js
137 silly gunzTarPerm extractEntry admin/lib/ace-builds/src-min-noconflict/worker-php.js
138 silly gunzTarPerm extractEntry admin/lib/ace-builds/src-min-noconflict/mode-dart.js
139 silly gunzTarPerm extractEntry admin/lib/ace-builds/src-min-noconflict/theme-ambiance.js
140 silly gunzTarPerm extractEntry admin/lib/ace-builds/src-min-noconflict/mode-d.js
141 silly gunzTarPerm extractEntry admin/lib/ace-builds/src-min-noconflict/theme-chaos.js
142 silly gunzTarPerm extractEntry admin/lib/ace-builds/src-min-noconflict/mode-curly.js
143 silly gunzTarPerm extractEntry admin/lib/ace-builds/src-min-noconflict/theme-chrome.js
144 silly gunzTarPerm extractEntry admin/lib/ace-builds/src-min-noconflict/mode-css.js
145 silly gunzTarPerm extractEntry admin/lib/ace-builds/src-min-noconflict/theme-clouds.js
146 silly gunzTarPerm extractEntry admin/lib/ace-builds/src-min-noconflict/mode-csharp.js
147 silly gunzTarPerm extractEntry admin/lib/ace-builds/src-min-noconflict/theme-clouds_midnight.js
148 silly gunzTarPerm extractEntry admin/lib/ace-builds/src-min-noconflict/mode-coldfusion.js
149 silly gunzTarPerm extractEntry admin/lib/ace-builds/src-min-noconflict/theme-cobalt.js
150 silly gunzTarPerm extractEntry admin/lib/ace-builds/src-min-noconflict/mode-coffee.js
151 silly gunzTarPerm extractEntry admin/lib/ace-builds/src-min-noconflict/theme-crimson_editor.js
152 silly gunzTarPerm extractEntry admin/lib/ace-builds/src-min-noconflict/mode-cobol.js
153 silly gunzTarPerm extractEntry admin/lib/ace-builds/src-min-noconflict/theme-dawn.js
154 silly gunzTarPerm extractEntry admin/lib/ace-builds/src-min-noconflict/mode-clojure.js
155 silly gunzTarPerm extractEntry admin/lib/ace-builds/src-min-noconflict/theme-dreamweaver.js
156 silly gunzTarPerm extractEntry admin/lib/ace-builds/src-min-noconflict/mode-cirru.js
157 silly gunzTarPerm extractEntry admin/lib/ace-builds/src-min-noconflict/theme-eclipse.js
158 silly gunzTarPerm extractEntry admin/lib/ace-builds/src-min-noconflict/mode-c_cpp.js
159 silly gunzTarPerm extractEntry admin/lib/ace-builds/src-min-noconflict/theme-github.js
160 silly gunzTarPerm extractEntry admin/lib/ace-builds/src-min-noconflict/mode-c9search.js
161 silly gunzTarPerm extractEntry admin/lib/ace-builds/src-min-noconflict/theme-idle_fingers.js
162 silly gunzTarPerm extractEntry admin/lib/ace-builds/src-min-noconflict/mode-batchfile.js
163 silly gunzTarPerm extractEntry admin/lib/ace-builds/src-min-noconflict/theme-katzenmilch.js
164 silly gunzTarPerm extractEntry admin/lib/ace-builds/src-min-noconflict/mode-autohotkey.js
165 silly gunzTarPerm extractEntry admin/lib/ace-builds/src-min-noconflict/theme-kr.js
166 silly gunzTarPerm extractEntry admin/lib/ace-builds/src-min-noconflict/mode-assembly_x86.js
167 silly gunzTarPerm extractEntry admin/lib/ace-builds/src-min-noconflict/theme-kuroir.js
168 silly gunzTarPerm extractEntry admin/lib/ace-builds/src-min-noconflict/mode-asciidoc.js
169 silly gunzTarPerm extractEntry admin/lib/ace-builds/src-min-noconflict/theme-merbivore.js
170 silly gunzTarPerm extractEntry admin/lib/ace-builds/src-min-noconflict/mode-apache_conf.js
171 silly gunzTarPerm extractEntry admin/lib/ace-builds/src-min-noconflict/theme-merbivore_soft.js
172 silly gunzTarPerm extractEntry admin/lib/ace-builds/src-min-noconflict/mode-ada.js
173 silly gunzTarPerm extractEntry admin/lib/ace-builds/src-min-noconflict/theme-mono_industrial.js
174 silly gunzTarPerm extractEntry admin/lib/ace-builds/src-min-noconflict/mode-actionscript.js
175 silly gunzTarPerm extractEntry admin/lib/ace-builds/src-min-noconflict/theme-monokai.js
176 silly gunzTarPerm extractEntry admin/lib/ace-builds/src-min-noconflict/mode-abap.js
177 silly gunzTarPerm extractEntry admin/lib/ace-builds/src-min-noconflict/theme-pastel_on_dark.js
178 silly gunzTarPerm extractEntry admin/lib/ace-builds/src-min-noconflict/keybinding-vim.js
179 silly gunzTarPerm extractEntry admin/lib/ace-builds/src-min-noconflict/theme-solarized_dark.js
180 silly gunzTarPerm extractEntry admin/lib/ace-builds/src-min-noconflict/keybinding-emacs.js
181 silly gunzTarPerm extractEntry admin/lib/ace-builds/src-min-noconflict/theme-solarized_light.js
182 silly gunzTarPerm extractEntry admin/lib/ace-builds/src-min-noconflict/ext-whitespace.js
183 silly gunzTarPerm extractEntry admin/lib/ace-builds/src-min-noconflict/theme-terminal.js
184 silly gunzTarPerm extractEntry admin/lib/ace-builds/src-min-noconflict/ext-themelist.js
185 silly gunzTarPerm extractEntry admin/lib/ace-builds/src-min-noconflict/theme-textmate.js
186 silly gunzTarPerm extractEntry admin/lib/ace-builds/src-min-noconflict/ext-textarea.js
187 silly gunzTarPerm extractEntry admin/lib/ace-builds/src-min-noconflict/theme-tomorrow.js
188 silly gunzTarPerm extractEntry admin/lib/ace-builds/src-min-noconflict/ext-statusbar.js
189 silly gunzTarPerm extractEntry admin/lib/ace-builds/src-min-noconflict/theme-tomorrow_night.js
190 silly gunzTarPerm extractEntry admin/lib/ace-builds/src-min-noconflict/ext-static_highlight.js
191 silly gunzTarPerm extractEntry admin/lib/ace-builds/src-min-noconflict/theme-tomorrow_night_blue.js
192 silly gunzTarPerm extractEntry admin/lib/ace-builds/src-min-noconflict/ext-split.js
193 silly gunzTarPerm extractEntry admin/lib/ace-builds/src-min-noconflict/theme-tomorrow_night_bright.js
194 silly gunzTarPerm extractEntry admin/lib/ace-builds/src-min-noconflict/ext-spellcheck.js
195 silly gunzTarPerm extractEntry admin/lib/ace-builds/src-min-noconflict/theme-tomorrow_night_eighties.js
196 silly gunzTarPerm extractEntry admin/lib/ace-builds/src-min-noconflict/ext-settings_menu.js
197 silly gunzTarPerm extractEntry admin/lib/ace-builds/src-min-noconflict/theme-twilight.js
198 silly gunzTarPerm extractEntry admin/lib/ace-builds/src-min-noconflict/ext-searchbox.js
199 silly gunzTarPerm extractEntry admin/lib/ace-builds/src-min-noconflict/theme-vibrant_ink.js
200 silly gunzTarPerm extractEntry admin/lib/ace-builds/src-min-noconflict/ext-old_ie.js
201 silly gunzTarPerm extractEntry admin/lib/ace-builds/src-min-noconflict/theme-xcode.js
202 silly gunzTarPerm extractEntry admin/lib/ace-builds/src-min-noconflict/ext-modelist.js
203 silly gunzTarPerm extractEntry admin/lib/ace-builds/src-min-noconflict/worker-coffee.js
204 silly gunzTarPerm extractEntry admin/lib/ace-builds/src-min-noconflict/ext-language_tools.js
205 silly gunzTarPerm extractEntry admin/lib/ace-builds/src-min-noconflict/worker-css.js
206 silly gunzTarPerm extractEntry admin/lib/ace-builds/src-min-noconflict/ext-keybinding_menu.js
207 silly gunzTarPerm extractEntry admin/lib/ace-builds/src-min-noconflict/worker-html.js
208 silly gunzTarPerm extractEntry admin/lib/ace-builds/src-min-noconflict/ext-error_marker.js
209 silly gunzTarPerm extractEntry admin/lib/ace-builds/src-min-noconflict/worker-javascript.js
210 silly gunzTarPerm extractEntry admin/lib/ace-builds/src-min-noconflict/ext-emmet.js
211 silly gunzTarPerm extractEntry admin/lib/ace-builds/src-min-noconflict/worker-json.js
212 silly gunzTarPerm extractEntry admin/lib/ace-builds/src-min-noconflict/ext-elastic_tabstops_lite.js
213 silly gunzTarPerm extractEntry admin/lib/ace-builds/src-min-noconflict/worker-lua.js
214 silly gunzTarPerm extractEntry admin/lib/ace-builds/src-min-noconflict/mode-nix.js
215 silly gunzTarPerm extractEntry admin/lib/ace-builds/src-min-noconflict/worker-xquery.js
216 silly gunzTarPerm extractEntry admin/lib/ace-builds/src-min-noconflict/mode-objectivec.js
217 silly gunzTarPerm extractEntry admin/lib/ace-builds/src-min-noconflict/snippets/abap.js
218 silly gunzTarPerm extractEntry admin/lib/ace-builds/src-min-noconflict/snippets/livescript.js
219 silly gunzTarPerm extractEntry admin/lib/ace-builds/src-min-noconflict/snippets/logiql.js
220 silly gunzTarPerm extractEntry admin/lib/ace-builds/src-min-noconflict/snippets/lsl.js
221 silly gunzTarPerm extractEntry admin/lib/ace-builds/src-min-noconflict/snippets/lisp.js
222 silly gunzTarPerm extractEntry admin/lib/ace-builds/src-min-noconflict/snippets/luapage.js
223 silly gunzTarPerm extractEntry admin/lib/ace-builds/src-min-noconflict/snippets/lucene.js
224 silly gunzTarPerm extractEntry admin/lib/ace-builds/src-min-noconflict/snippets/makefile.js
225 silly gunzTarPerm extractEntry admin/lib/ace-builds/src-min-noconflict/snippets/markdown.js
226 silly gunzTarPerm extractEntry admin/lib/ace-builds/src-min-noconflict/snippets/matlab.js
227 silly gunzTarPerm extractEntry admin/lib/ace-builds/src-min-noconflict/snippets/liquid.js
228 silly gunzTarPerm extractEntry admin/lib/ace-builds/src-min-noconflict/snippets/mel.js
229 silly gunzTarPerm extractEntry admin/lib/ace-builds/src-min-noconflict/snippets/less.js
230 silly gunzTarPerm extractEntry admin/lib/ace-builds/src-min-noconflict/snippets/mushcode.js
231 silly gunzTarPerm extractEntry admin/lib/ace-builds/src-min-noconflict/snippets/latex.js
232 silly gunzTarPerm extractEntry admin/lib/ace-builds/src-min-noconflict/snippets/mushcode_high_rules.js
233 silly gunzTarPerm extractEntry admin/lib/ace-builds/src-min-noconflict/snippets/julia.js
234 silly gunzTarPerm extractEntry admin/lib/ace-builds/src-min-noconflict/snippets/mysql.js
235 silly gunzTarPerm extractEntry admin/lib/ace-builds/src-min-noconflict/snippets/jsx.js
236 silly gunzTarPerm extractEntry admin/lib/ace-builds/src-min-noconflict/snippets/nix.js
237 silly gunzTarPerm extractEntry admin/lib/ace-builds/src-min-noconflict/snippets/jsp.js
238 silly gunzTarPerm extractEntry admin/lib/ace-builds/src-min-noconflict/snippets/objectivec.js
239 silly gunzTarPerm extractEntry admin/lib/ace-builds/src-min-noconflict/snippets/jsoniq.js
240 silly gunzTarPerm extractEntry admin/lib/ace-builds/src-min-noconflict/snippets/ocaml.js
241 silly gunzTarPerm extractEntry admin/lib/ace-builds/src-min-noconflict/snippets/json.js
242 silly gunzTarPerm extractEntry admin/lib/ace-builds/src-min-noconflict/snippets/pascal.js
243 silly gunzTarPerm extractEntry admin/lib/ace-builds/src-min-noconflict/snippets/javascript.js
244 silly gunzTarPerm extractEntry admin/lib/ace-builds/src-min-noconflict/snippets/perl.js
245 silly gunzTarPerm extractEntry admin/lib/ace-builds/src-min-noconflict/snippets/java.js
246 silly gunzTarPerm extractEntry admin/lib/ace-builds/src-min-noconflict/snippets/pgsql.js
247 silly gunzTarPerm extractEntry admin/lib/ace-builds/src-min-noconflict/snippets/jade.js
248 silly gunzTarPerm extractEntry admin/lib/ace-builds/src-min-noconflict/snippets/php.js
249 silly gunzTarPerm extractEntry admin/lib/ace-builds/src-min-noconflict/snippets/jack.js
250 silly gunzTarPerm extractEntry admin/lib/ace-builds/src-min-noconflict/snippets/plain_text.js
251 silly gunzTarPerm extractEntry admin/lib/ace-builds/src-min-noconflict/snippets/ini.js
252 silly gunzTarPerm extractEntry admin/lib/ace-builds/src-min-noconflict/snippets/powershell.js
253 silly gunzTarPerm extractEntry admin/lib/ace-builds/src-min-noconflict/snippets/html_ruby.js
254 silly gunzTarPerm extractEntry admin/lib/ace-builds/src-min-noconflict/snippets/prolog.js
255 silly gunzTarPerm extractEntry admin/lib/ace-builds/src-min-noconflict/snippets/html_completions.js
256 silly gunzTarPerm extractEntry admin/lib/ace-builds/src-min-noconflict/snippets/properties.js
257 silly gunzTarPerm extractEntry admin/lib/ace-builds/src-min-noconflict/snippets/html.js
258 silly gunzTarPerm extractEntry admin/lib/ace-builds/src-min-noconflict/snippets/protobuf.js
259 silly gunzTarPerm extractEntry admin/lib/ace-builds/src-min-noconflict/snippets/haxe.js
260 silly gunzTarPerm extractEntry admin/lib/ace-builds/src-min-noconflict/snippets/python.js
261 silly gunzTarPerm extractEntry admin/lib/ace-builds/src-min-noconflict/snippets/haskell.js
262 silly gunzTarPerm extractEntry admin/lib/ace-builds/src-min-noconflict/snippets/r.js
263 silly gunzTarPerm extractEntry admin/lib/ace-builds/src-min-noconflict/snippets/handlebars.js
264 silly gunzTarPerm extractEntry admin/lib/ace-builds/src-min-noconflict/snippets/rdoc.js
265 silly gunzTarPerm extractEntry admin/lib/ace-builds/src-min-noconflict/snippets/haml.js
266 silly gunzTarPerm extractEntry admin/lib/ace-builds/src-min-noconflict/snippets/rhtml.js
267 silly gunzTarPerm extractEntry admin/lib/ace-builds/src-min-noconflict/snippets/groovy.js
268 silly gunzTarPerm extractEntry admin/lib/ace-builds/src-min-noconflict/snippets/ruby.js
269 silly gunzTarPerm extractEntry admin/lib/ace-builds/src-min-noconflict/snippets/golang.js
270 silly gunzTarPerm extractEntry admin/lib/ace-builds/src-min-noconflict/snippets/rust.js
271 silly gunzTarPerm extractEntry admin/lib/ace-builds/src-min-noconflict/snippets/glsl.js
272 silly gunzTarPerm extractEntry admin/lib/ace-builds/src-min-noconflict/snippets/sass.js
273 silly gunzTarPerm extractEntry admin/lib/ace-builds/src-min-noconflict/snippets/gherkin.js
274 silly gunzTarPerm extractEntry admin/lib/ace-builds/src-min-noconflict/snippets/scad.js
275 silly gunzTarPerm extractEntry admin/lib/ace-builds/src-min-noconflict/snippets/ftl.js
276 silly gunzTarPerm extractEntry admin/lib/ace-builds/src-min-noconflict/snippets/scala.js
277 silly gunzTarPerm extractEntry admin/lib/ace-builds/src-min-noconflict/snippets/forth.js
278 silly gunzTarPerm extractEntry admin/lib/ace-builds/src-min-noconflict/snippets/scheme.js
279 silly gunzTarPerm extractEntry admin/lib/ace-builds/src-min-noconflict/snippets/erlang.js
280 silly gunzTarPerm extractEntry admin/lib/ace-builds/src-min-noconflict/snippets/scss.js
281 silly gunzTarPerm extractEntry admin/lib/ace-builds/src-min-noconflict/snippets/ejs.js
282 silly gunzTarPerm extractEntry admin/lib/ace-builds/src-min-noconflict/snippets/sh.js
283 silly gunzTarPerm extractEntry admin/lib/ace-builds/src-min-noconflict/snippets/dot.js
284 silly gunzTarPerm extractEntry admin/lib/ace-builds/src-min-noconflict/snippets/sjs.js
285 silly gunzTarPerm extractEntry admin/lib/ace-builds/src-min-noconflict/snippets/django.js
286 silly gunzTarPerm extractEntry admin/lib/ace-builds/src-min-noconflict/snippets/smarty.js
287 silly gunzTarPerm extractEntry admin/lib/ace-builds/src-min-noconflict/snippets/diff.js
288 silly gunzTarPerm extractEntry admin/lib/ace-builds/src-min-noconflict/snippets/snippets.js
289 silly gunzTarPerm extractEntry admin/lib/ace-builds/src-min-noconflict/snippets/dart.js
290 silly gunzTarPerm extractEntry admin/lib/ace-builds/src-min-noconflict/snippets/soy_template.js
291 silly gunzTarPerm extractEntry admin/lib/ace-builds/src-min-noconflict/snippets/d.js
292 silly gunzTarPerm extractEntry admin/lib/ace-builds/src-min-noconflict/snippets/space.js
293 silly gunzTarPerm extractEntry admin/lib/ace-builds/src-min-noconflict/snippets/curly.js
294 silly gunzTarPerm extractEntry admin/lib/ace-builds/src-min-noconflict/snippets/sql.js
295 silly gunzTarPerm extractEntry admin/lib/ace-builds/src-min-noconflict/snippets/css.js
296 silly gunzTarPerm extractEntry admin/lib/ace-builds/src-min-noconflict/snippets/stylus.js
297 silly gunzTarPerm extractEntry admin/lib/ace-builds/src-min-noconflict/snippets/csharp.js
298 silly gunzTarPerm extractEntry admin/lib/ace-builds/src-min-noconflict/snippets/svg.js
299 silly gunzTarPerm extractEntry admin/lib/ace-builds/src-min-noconflict/snippets/coldfusion.js
300 silly gunzTarPerm extractEntry admin/lib/ace-builds/src-min-noconflict/snippets/tcl.js
301 silly gunzTarPerm extractEntry admin/lib/ace-builds/src-min-noconflict/snippets/coffee.js
302 silly gunzTarPerm extractEntry admin/lib/ace-builds/src-min-noconflict/snippets/tex.js
303 silly gunzTarPerm extractEntry admin/lib/ace-builds/src-min-noconflict/snippets/cobol.js
304 silly gunzTarPerm extractEntry admin/lib/ace-builds/src-min-noconflict/snippets/text.js
305 silly gunzTarPerm extractEntry admin/lib/ace-builds/src-min-noconflict/snippets/clojure.js
306 silly gunzTarPerm extractEntry admin/lib/ace-builds/src-min-noconflict/snippets/textile.js
307 silly gunzTarPerm extractEntry admin/lib/ace-builds/src-min-noconflict/snippets/cirru.js
308 silly gunzTarPerm extractEntry admin/lib/ace-builds/src-min-noconflict/snippets/toml.js
309 silly gunzTarPerm extractEntry admin/lib/ace-builds/src-min-noconflict/snippets/c_cpp.js
310 silly gunzTarPerm extractEntry admin/lib/ace-builds/src-min-noconflict/snippets/twig.js
311 silly gunzTarPerm extractEntry admin/lib/ace-builds/src-min-noconflict/snippets/c9search.js
312 silly gunzTarPerm extractEntry admin/lib/ace-builds/src-min-noconflict/snippets/typescript.js
313 silly gunzTarPerm extractEntry admin/lib/ace-builds/src-min-noconflict/snippets/batchfile.js
314 silly gunzTarPerm extractEntry admin/lib/ace-builds/src-min-noconflict/snippets/vbscript.js
315 silly gunzTarPerm extractEntry admin/lib/ace-builds/src-min-noconflict/snippets/autohotkey.js
316 silly gunzTarPerm extractEntry admin/lib/ace-builds/src-min-noconflict/snippets/velocity.js
317 silly gunzTarPerm extractEntry admin/lib/ace-builds/src-min-noconflict/snippets/assembly_x86.js
318 silly gunzTarPerm extractEntry admin/lib/ace-builds/src-min-noconflict/snippets/verilog.js
319 silly gunzTarPerm extractEntry admin/lib/ace-builds/src-min-noconflict/snippets/asciidoc.js
320 silly gunzTarPerm extractEntry admin/lib/ace-builds/src-min-noconflict/snippets/vhdl.js
321 silly gunzTarPerm extractEntry admin/lib/ace-builds/src-min-noconflict/snippets/apache_conf.js
322 silly gunzTarPerm extractEntry admin/lib/ace-builds/src-min-noconflict/snippets/xml.js
323 silly gunzTarPerm extractEntry admin/lib/ace-builds/src-min-noconflict/snippets/ada.js
324 silly gunzTarPerm extractEntry admin/lib/ace-builds/src-min-noconflict/snippets/xquery.js
325 silly gunzTarPerm extractEntry admin/lib/ace-builds/src-min-noconflict/snippets/actionscript.js
326 silly gunzTarPerm extractEntry admin/lib/ace-builds/src-min-noconflict/snippets/yaml.js
327 silly gunzTarPerm extractEntry admin/lib/ace-builds/src-min-noconflict/snippets/lua.js
328 silly gunzTarPerm extractEntry admin/lib/ace-builds/.bower.json
329 silly gunzTarPerm extractEntry admin/lib/ace-builds/textarea/editor.html
330 silly gunzTarPerm extractEntry admin/lib/ace-builds/textarea/images/ace.png
331 silly gunzTarPerm extractEntry admin/lib/ace-builds/textarea/images/background.png
332 silly gunzTarPerm extractEntry admin/lib/ace-builds/textarea/images/body_background.png
333 silly gunzTarPerm extractEntry admin/lib/ace-builds/textarea/images/bottombar.png
334 silly gunzTarPerm extractEntry admin/lib/ace-builds/textarea/images/fork_on_github.png
335 silly gunzTarPerm extractEntry admin/lib/ace-builds/textarea/images/logo.png
336 silly gunzTarPerm extractEntry admin/lib/ace-builds/textarea/images/logo_half.png
337 silly gunzTarPerm extractEntry admin/lib/ace-builds/textarea/src/ace-bookmarklet.js
338 silly gunzTarPerm extractEntry admin/lib/ace-builds/textarea/src/mode-markdown.js
339 silly gunzTarPerm extractEntry admin/lib/ace-builds/textarea/src/mode-matlab.js
340 silly gunzTarPerm extractEntry admin/lib/ace-builds/textarea/src/mode-mel.js
341 silly gunzTarPerm extractEntry admin/lib/ace-builds/textarea/src/mode-makefile.js
342 silly gunzTarPerm extractEntry admin/lib/ace-builds/textarea/src/ext-chromevox.js
343 silly gunzTarPerm extractEntry admin/lib/ace-builds/textarea/src/mode-mysql.js
344 silly gunzTarPerm extractEntry admin/lib/ace-builds/textarea/src/mode-nix.js
345 silly gunzTarPerm extractEntry admin/lib/ace-builds/textarea/src/mode-objectivec.js
346 silly gunzTarPerm extractEntry admin/lib/ace-builds/textarea/src/mode-ocaml.js
347 silly gunzTarPerm extractEntry admin/lib/ace-builds/textarea/src/mode-lucene.js
348 silly gunzTarPerm extractEntry admin/lib/ace-builds/textarea/src/mode-pascal.js
349 silly gunzTarPerm extractEntry admin/lib/ace-builds/textarea/src/mode-luapage.js
350 silly gunzTarPerm extractEntry admin/lib/ace-builds/textarea/src/mode-perl.js
351 silly gunzTarPerm extractEntry admin/lib/ace-builds/textarea/src/mode-lua.js
352 silly gunzTarPerm extractEntry admin/lib/ace-builds/textarea/src/mode-pgsql.js
353 silly gunzTarPerm extractEntry admin/lib/ace-builds/textarea/src/mode-lsl.js
354 silly gunzTarPerm extractEntry admin/lib/ace-builds/textarea/src/mode-php.js
355 silly gunzTarPerm extractEntry admin/lib/ace-builds/textarea/src/mode-logiql.js
356 silly gunzTarPerm extractEntry admin/lib/ace-builds/textarea/src/mode-plain_text.js
357 silly gunzTarPerm extractEntry admin/lib/ace-builds/textarea/src/mode-livescript.js
358 silly gunzTarPerm extractEntry admin/lib/ace-builds/textarea/src/mode-powershell.js
359 silly gunzTarPerm extractEntry admin/lib/ace-builds/textarea/src/mode-lisp.js
360 silly gunzTarPerm extractEntry admin/lib/ace-builds/textarea/src/mode-prolog.js
361 silly gunzTarPerm extractEntry admin/lib/ace-builds/textarea/src/mode-liquid.js
362 silly gunzTarPerm extractEntry admin/lib/ace-builds/textarea/src/mode-properties.js
363 silly gunzTarPerm extractEntry admin/lib/ace-builds/textarea/src/mode-less.js
364 silly gunzTarPerm extractEntry admin/lib/ace-builds/textarea/src/mode-protobuf.js
365 silly gunzTarPerm extractEntry admin/lib/ace-builds/textarea/src/mode-latex.js
366 silly gunzTarPerm extractEntry admin/lib/ace-builds/textarea/src/mode-python.js
367 silly gunzTarPerm extractEntry admin/lib/ace-builds/textarea/src/mode-julia.js
368 silly gunzTarPerm extractEntry admin/lib/ace-builds/textarea/src/mode-r.js
369 silly gunzTarPerm extractEntry admin/lib/ace-builds/textarea/src/mode-jsx.js
370 silly gunzTarPerm extractEntry admin/lib/ace-builds/textarea/src/mode-rdoc.js
371 silly gunzTarPerm extractEntry admin/lib/ace-builds/textarea/src/mode-jsp.js
372 silly gunzTarPerm extractEntry admin/lib/ace-builds/textarea/src/mode-rhtml.js
373 silly gunzTarPerm extractEntry admin/lib/ace-builds/textarea/src/mode-jsoniq.js
374 silly gunzTarPerm extractEntry admin/lib/ace-builds/textarea/src/mode-ruby.js
375 silly gunzTarPerm extractEntry admin/lib/ace-builds/textarea/src/mode-json.js
376 silly gunzTarPerm extractEntry admin/lib/ace-builds/textarea/src/mode-rust.js
377 silly gunzTarPerm extractEntry admin/lib/ace-builds/textarea/src/mode-javascript.js
378 silly gunzTarPerm extractEntry admin/lib/ace-builds/textarea/src/mode-sass.js
379 silly gunzTarPerm extractEntry admin/lib/ace-builds/textarea/src/mode-java.js
380 silly gunzTarPerm extractEntry admin/lib/ace-builds/textarea/src/mode-scad.js
381 silly gunzTarPerm extractEntry admin/lib/ace-builds/textarea/src/mode-jade.js
382 silly gunzTarPerm extractEntry admin/lib/ace-builds/textarea/src/mode-scala.js
383 silly gunzTarPerm extractEntry admin/lib/ace-builds/textarea/src/mode-jack.js
384 silly gunzTarPerm extractEntry admin/lib/ace-builds/textarea/src/mode-scheme.js
385 silly gunzTarPerm extractEntry admin/lib/ace-builds/textarea/src/mode-ini.js
386 silly gunzTarPerm extractEntry admin/lib/ace-builds/textarea/src/mode-scss.js
387 silly gunzTarPerm extractEntry admin/lib/ace-builds/textarea/src/mode-html_ruby.js
388 silly gunzTarPerm extractEntry admin/lib/ace-builds/textarea/src/mode-sh.js
389 silly gunzTarPerm extractEntry admin/lib/ace-builds/textarea/src/mode-html_completions.js
390 silly gunzTarPerm extractEntry admin/lib/ace-builds/textarea/src/mode-sjs.js
391 silly gunzTarPerm extractEntry admin/lib/ace-builds/textarea/src/mode-html.js
392 silly gunzTarPerm extractEntry admin/lib/ace-builds/textarea/src/mode-smarty.js
393 silly gunzTarPerm extractEntry admin/lib/ace-builds/textarea/src/mode-haxe.js
394 silly gunzTarPerm extractEntry admin/lib/ace-builds/textarea/src/mode-snippets.js
395 silly gunzTarPerm extractEntry admin/lib/ace-builds/textarea/src/mode-haskell.js
396 silly gunzTarPerm extractEntry admin/lib/ace-builds/textarea/src/mode-soy_template.js
397 silly gunzTarPerm extractEntry admin/lib/ace-builds/textarea/src/mode-handlebars.js
398 silly gunzTarPerm extractEntry admin/lib/ace-builds/textarea/src/mode-space.js
399 silly gunzTarPerm extractEntry admin/lib/ace-builds/textarea/src/mode-haml.js
400 silly gunzTarPerm extractEntry admin/lib/ace-builds/textarea/src/mode-sql.js
401 silly gunzTarPerm extractEntry admin/lib/ace-builds/textarea/src/mode-groovy.js
402 silly gunzTarPerm extractEntry admin/lib/ace-builds/textarea/src/mode-stylus.js
403 silly gunzTarPerm extractEntry admin/lib/ace-builds/textarea/src/mode-golang.js
404 silly gunzTarPerm extractEntry admin/lib/ace-builds/textarea/src/mode-svg.js
405 silly gunzTarPerm extractEntry admin/lib/ace-builds/textarea/src/mode-glsl.js
406 silly gunzTarPerm extractEntry admin/lib/ace-builds/textarea/src/mode-tcl.js
407 silly gunzTarPerm extractEntry admin/lib/ace-builds/textarea/src/mode-gherkin.js
408 silly gunzTarPerm extractEntry admin/lib/ace-builds/textarea/src/mode-tex.js
409 silly gunzTarPerm extractEntry admin/lib/ace-builds/textarea/src/mode-ftl.js
410 silly gunzTarPerm extractEntry admin/lib/ace-builds/textarea/src/mode-text.js
411 silly gunzTarPerm extractEntry admin/lib/ace-builds/textarea/src/mode-forth.js
412 silly gunzTarPerm extractEntry admin/lib/ace-builds/textarea/src/mode-textile.js
413 silly gunzTarPerm extractEntry admin/lib/ace-builds/textarea/src/mode-erlang.js
414 silly gunzTarPerm extractEntry admin/lib/ace-builds/textarea/src/mode-toml.js
415 silly gunzTarPerm extractEntry admin/lib/ace-builds/textarea/src/mode-ejs.js
416 silly gunzTarPerm extractEntry admin/lib/ace-builds/textarea/src/mode-twig.js
417 silly gunzTarPerm extractEntry admin/lib/ace-builds/textarea/src/mode-dot.js
418 silly gunzTarPerm extractEntry admin/lib/ace-builds/textarea/src/mode-typescript.js
419 silly gunzTarPerm extractEntry admin/lib/ace-builds/textarea/src/mode-django.js
420 silly gunzTarPerm extractEntry admin/lib/ace-builds/textarea/src/mode-vbscript.js
421 silly gunzTarPerm extractEntry admin/lib/ace-builds/textarea/src/mode-diff.js
422 silly gunzTarPerm extractEntry admin/lib/ace-builds/textarea/src/mode-velocity.js
423 silly gunzTarPerm extractEntry admin/lib/ace-builds/textarea/src/mode-dart.js
424 silly gunzTarPerm extractEntry admin/lib/ace-builds/textarea/src/mode-verilog.js
425 silly gunzTarPerm extractEntry admin/lib/ace-builds/textarea/src/mode-d.js
426 silly gunzTarPerm extractEntry admin/lib/ace-builds/textarea/src/mode-vhdl.js
427 silly gunzTarPerm extractEntry admin/lib/ace-builds/textarea/src/mode-curly.js
428 silly gunzTarPerm extractEntry admin/lib/ace-builds/textarea/src/mode-xml.js
429 silly gunzTarPerm extractEntry admin/lib/ace-builds/textarea/src/mode-css.js
430 silly gunzTarPerm extractEntry admin/lib/ace-builds/textarea/src/mode-xquery.js
431 silly gunzTarPerm extractEntry admin/lib/ace-builds/textarea/src/mode-csharp.js
432 silly gunzTarPerm extractEntry admin/lib/ace-builds/textarea/src/mode-yaml.js
433 silly gunzTarPerm extractEntry admin/lib/ace-builds/textarea/src/mode-coldfusion.js
434 silly gunzTarPerm extractEntry admin/lib/ace-builds/textarea/src/theme-vibrant_ink.js
435 silly gunzTarPerm extractEntry admin/lib/ace-builds/textarea/src/mode-coffee.js
436 silly gunzTarPerm extractEntry admin/lib/ace-builds/textarea/src/theme-ambiance.js
437 silly gunzTarPerm extractEntry admin/lib/ace-builds/textarea/src/mode-cobol.js
438 silly gunzTarPerm extractEntry admin/lib/ace-builds/textarea/src/theme-chaos.js
439 silly gunzTarPerm extractEntry admin/lib/ace-builds/textarea/src/mode-clojure.js
440 silly gunzTarPerm extractEntry admin/lib/ace-builds/textarea/src/theme-chrome.js
441 silly gunzTarPerm extractEntry admin/lib/ace-builds/textarea/src/mode-cirru.js
442 silly gunzTarPerm extractEntry admin/lib/ace-builds/textarea/src/theme-clouds.js
443 silly gunzTarPerm extractEntry admin/lib/ace-builds/textarea/src/mode-c_cpp.js
444 silly gunzTarPerm extractEntry admin/lib/ace-builds/textarea/src/theme-clouds_midnight.js
445 silly gunzTarPerm extractEntry admin/lib/ace-builds/textarea/src/mode-c9search.js
446 silly gunzTarPerm extractEntry admin/lib/ace-builds/textarea/src/theme-cobalt.js
447 silly gunzTarPerm extractEntry admin/lib/ace-builds/textarea/src/mode-batchfile.js
448 silly gunzTarPerm extractEntry admin/lib/ace-builds/textarea/src/theme-crimson_editor.js
449 silly gunzTarPerm extractEntry admin/lib/ace-builds/textarea/src/mode-autohotkey.js
450 silly gunzTarPerm extractEntry admin/lib/ace-builds/textarea/src/theme-dawn.js
451 silly gunzTarPerm extractEntry admin/lib/ace-builds/textarea/src/mode-assembly_x86.js
452 silly gunzTarPerm extractEntry admin/lib/ace-builds/textarea/src/theme-dreamweaver.js
453 silly gunzTarPerm extractEntry admin/lib/ace-builds/textarea/src/mode-asciidoc.js
454 silly gunzTarPerm extractEntry admin/lib/ace-builds/textarea/src/theme-eclipse.js
455 silly gunzTarPerm extractEntry admin/lib/ace-builds/textarea/src/mode-apache_conf.js
456 silly gunzTarPerm extractEntry admin/lib/ace-builds/textarea/src/theme-github.js
457 silly gunzTarPerm extractEntry admin/lib/ace-builds/textarea/src/mode-ada.js
458 silly gunzTarPerm extractEntry admin/lib/ace-builds/textarea/src/theme-idle_fingers.js
459 silly gunzTarPerm extractEntry admin/lib/ace-builds/textarea/src/mode-actionscript.js
460 silly gunzTarPerm extractEntry admin/lib/ace-builds/textarea/src/theme-katzenmilch.js
461 silly gunzTarPerm extractEntry admin/lib/ace-builds/textarea/src/mode-abap.js
462 silly gunzTarPerm extractEntry admin/lib/ace-builds/textarea/src/theme-kr.js
463 silly gunzTarPerm extractEntry admin/lib/ace-builds/textarea/src/ext-whitespace.js
464 silly gunzTarPerm extractEntry admin/lib/ace-builds/textarea/src/theme-kuroir.js
465 silly gunzTarPerm extractEntry admin/lib/ace-builds/textarea/src/ext-themelist.js
466 silly gunzTarPerm extractEntry admin/lib/ace-builds/textarea/src/theme-merbivore.js
467 silly gunzTarPerm extractEntry admin/lib/ace-builds/textarea/src/ext-textarea.js
468 silly gunzTarPerm extractEntry admin/lib/ace-builds/textarea/src/theme-merbivore_soft.js
469 silly gunzTarPerm extractEntry admin/lib/ace-builds/textarea/src/ext-statusbar.js
470 silly gunzTarPerm extractEntry admin/lib/ace-builds/textarea/src/theme-mono_industrial.js
471 silly gunzTarPerm extractEntry admin/lib/ace-builds/textarea/src/ext-static_highlight.js
472 silly gunzTarPerm extractEntry admin/lib/ace-builds/textarea/src/theme-monokai.js
473 silly gunzTarPerm extractEntry admin/lib/ace-builds/textarea/src/ext-split.js
474 silly gunzTarPerm extractEntry admin/lib/ace-builds/textarea/src/theme-pastel_on_dark.js
475 silly gunzTarPerm extractEntry admin/lib/ace-builds/textarea/src/ext-spellcheck.js
476 silly gunzTarPerm extractEntry admin/lib/ace-builds/textarea/src/theme-solarized_dark.js
477 silly gunzTarPerm extractEntry admin/lib/ace-builds/textarea/src/ext-settings_menu.js
478 silly gunzTarPerm extractEntry admin/lib/ace-builds/textarea/src/theme-solarized_light.js
479 silly gunzTarPerm extractEntry admin/lib/ace-builds/textarea/src/ext-searchbox.js
480 silly gunzTarPerm extractEntry admin/lib/ace-builds/textarea/src/theme-terminal.js
481 silly gunzTarPerm extractEntry admin/lib/ace-builds/textarea/src/ext-old_ie.js
482 silly gunzTarPerm extractEntry admin/lib/ace-builds/textarea/src/theme-textmate.js
483 silly gunzTarPerm extractEntry admin/lib/ace-builds/textarea/src/ext-modelist.js
484 silly gunzTarPerm extractEntry admin/lib/ace-builds/textarea/src/theme-tomorrow.js
485 silly gunzTarPerm extractEntry admin/lib/ace-builds/textarea/src/ext-language_tools.js
486 silly gunzTarPerm extractEntry admin/lib/ace-builds/textarea/src/theme-tomorrow_night.js
487 silly gunzTarPerm extractEntry admin/lib/ace-builds/textarea/src/ext-keybinding_menu.js
488 silly gunzTarPerm extractEntry admin/lib/ace-builds/textarea/src/theme-tomorrow_night_blue.js
489 silly gunzTarPerm extractEntry admin/lib/ace-builds/textarea/src/ext-error_marker.js
490 silly gunzTarPerm extractEntry admin/lib/ace-builds/textarea/src/theme-tomorrow_night_bright.js
491 silly gunzTarPerm extractEntry admin/lib/ace-builds/textarea/src/ext-emmet.js
492 silly gunzTarPerm extractEntry admin/lib/ace-builds/textarea/src/theme-tomorrow_night_eighties.js
493 silly gunzTarPerm extractEntry admin/lib/ace-builds/textarea/src/ext-elastic_tabstops_lite.js
494 silly gunzTarPerm extractEntry admin/lib/ace-builds/textarea/src/theme-twilight.js
495 silly gunzTarPerm extractEntry admin/lib/ace-builds/textarea/src/mode-mushcode.js
496 silly gunzTarPerm extractEntry admin/lib/ace-builds/textarea/src/theme-xcode.js
497 silly gunzTarPerm extractEntry admin/lib/ace-builds/textarea/src/mode-mushcode_high_rules.js
498 silly gunzTarPerm extractEntry admin/lib/ace-builds/textarea/src/snippets/abap.js
499 silly gunzTarPerm extractEntry admin/lib/ace-builds/textarea/src/snippets/livescript.js
500 silly gunzTarPerm extractEntry admin/lib/ace-builds/textarea/src/snippets/logiql.js
501 silly gunzTarPerm extractEntry admin/lib/ace-builds/textarea/src/snippets/lsl.js
502 silly gunzTarPerm extractEntry admin/lib/ace-builds/textarea/src/snippets/lisp.js
503 silly gunzTarPerm extractEntry admin/lib/ace-builds/textarea/src/snippets/luapage.js
504 silly gunzTarPerm extractEntry admin/lib/ace-builds/textarea/src/snippets/lucene.js
505 silly gunzTarPerm extractEntry admin/lib/ace-builds/textarea/src/snippets/makefile.js
506 silly gunzTarPerm extractEntry admin/lib/ace-builds/textarea/src/snippets/markdown.js
507 silly gunzTarPerm extractEntry admin/lib/ace-builds/textarea/src/snippets/matlab.js
508 silly gunzTarPerm extractEntry admin/lib/ace-builds/textarea/src/snippets/liquid.js
509 silly gunzTarPerm extractEntry admin/lib/ace-builds/textarea/src/snippets/mel.js
510 silly gunzTarPerm extractEntry admin/lib/ace-builds/textarea/src/snippets/less.js
511 silly gunzTarPerm extractEntry admin/lib/ace-builds/textarea/src/snippets/mushcode.js
512 silly gunzTarPerm extractEntry admin/lib/ace-builds/textarea/src/snippets/latex.js
513 silly gunzTarPerm extractEntry admin/lib/ace-builds/textarea/src/snippets/mushcode_high_rules.js
514 silly gunzTarPerm extractEntry admin/lib/ace-builds/textarea/src/snippets/julia.js
515 silly gunzTarPerm extractEntry admin/lib/ace-builds/textarea/src/snippets/mysql.js
516 silly gunzTarPerm extractEntry admin/lib/ace-builds/textarea/src/snippets/jsx.js
517 silly gunzTarPerm extractEntry admin/lib/ace-builds/textarea/src/snippets/nix.js
518 silly gunzTarPerm extractEntry admin/lib/ace-builds/textarea/src/snippets/jsp.js
519 silly gunzTarPerm extractEntry admin/lib/ace-builds/textarea/src/snippets/objectivec.js
520 silly gunzTarPerm extractEntry admin/lib/ace-builds/textarea/src/snippets/jsoniq.js
521 silly gunzTarPerm extractEntry admin/lib/ace-builds/textarea/src/snippets/ocaml.js
522 silly gunzTarPerm extractEntry admin/lib/ace-builds/textarea/src/snippets/json.js
523 silly gunzTarPerm extractEntry admin/lib/ace-builds/textarea/src/snippets/pascal.js
524 silly gunzTarPerm extractEntry admin/lib/ace-builds/textarea/src/snippets/javascript.js
525 silly gunzTarPerm extractEntry admin/lib/ace-builds/textarea/src/snippets/perl.js
526 silly gunzTarPerm extractEntry admin/lib/ace-builds/textarea/src/snippets/java.js
527 silly gunzTarPerm extractEntry admin/lib/ace-builds/textarea/src/snippets/pgsql.js
528 silly gunzTarPerm extractEntry admin/lib/ace-builds/textarea/src/snippets/jade.js
529 silly gunzTarPerm extractEntry admin/lib/ace-builds/textarea/src/snippets/php.js
530 silly gunzTarPerm extractEntry admin/lib/ace-builds/textarea/src/snippets/jack.js
531 silly gunzTarPerm extractEntry admin/lib/ace-builds/textarea/src/snippets/plain_text.js
532 silly gunzTarPerm extractEntry admin/lib/ace-builds/textarea/src/snippets/ini.js
533 silly gunzTarPerm extractEntry admin/lib/ace-builds/textarea/src/snippets/powershell.js
534 silly gunzTarPerm extractEntry admin/lib/ace-builds/textarea/src/snippets/html_ruby.js
535 silly gunzTarPerm extractEntry admin/lib/ace-builds/textarea/src/snippets/prolog.js
536 silly gunzTarPerm extractEntry admin/lib/ace-builds/textarea/src/snippets/html_completions.js
537 silly gunzTarPerm extractEntry admin/lib/ace-builds/textarea/src/snippets/properties.js
538 silly gunzTarPerm extractEntry admin/lib/ace-builds/textarea/src/snippets/html.js
539 silly gunzTarPerm extractEntry admin/lib/ace-builds/textarea/src/snippets/protobuf.js
540 silly gunzTarPerm extractEntry admin/lib/ace-builds/textarea/src/snippets/haxe.js
541 silly gunzTarPerm extractEntry admin/lib/ace-builds/textarea/src/snippets/python.js
542 silly gunzTarPerm extractEntry admin/lib/ace-builds/textarea/src/snippets/haskell.js
543 silly gunzTarPerm extractEntry admin/lib/ace-builds/textarea/src/snippets/r.js
544 silly gunzTarPerm extractEntry admin/lib/ace-builds/textarea/src/snippets/handlebars.js
545 silly gunzTarPerm extractEntry admin/lib/ace-builds/textarea/src/snippets/rdoc.js
546 silly gunzTarPerm extractEntry admin/lib/ace-builds/textarea/src/snippets/haml.js
547 silly gunzTarPerm extractEntry admin/lib/ace-builds/textarea/src/snippets/rhtml.js
548 silly gunzTarPerm extractEntry admin/lib/ace-builds/textarea/src/snippets/groovy.js
549 silly gunzTarPerm extractEntry admin/lib/ace-builds/textarea/src/snippets/ruby.js
550 silly gunzTarPerm extractEntry admin/lib/ace-builds/textarea/src/snippets/golang.js
551 silly gunzTarPerm extractEntry admin/lib/ace-builds/textarea/src/snippets/rust.js
552 silly gunzTarPerm extractEntry admin/lib/ace-builds/textarea/src/snippets/glsl.js
553 silly gunzTarPerm extractEntry admin/lib/ace-builds/textarea/src/snippets/sass.js
554 silly gunzTarPerm extractEntry admin/lib/ace-builds/textarea/src/snippets/gherkin.js
555 silly gunzTarPerm extractEntry admin/lib/ace-builds/textarea/src/snippets/scad.js
556 silly gunzTarPerm extractEntry admin/lib/ace-builds/textarea/src/snippets/ftl.js
557 silly gunzTarPerm extractEntry admin/lib/ace-builds/textarea/src/snippets/scala.js
558 silly gunzTarPerm extractEntry admin/lib/ace-builds/textarea/src/snippets/forth.js
559 silly gunzTarPerm extractEntry admin/lib/ace-builds/textarea/src/snippets/scheme.js
560 silly gunzTarPerm extractEntry admin/lib/ace-builds/textarea/src/snippets/erlang.js
561 silly gunzTarPerm extractEntry admin/lib/ace-builds/textarea/src/snippets/scss.js
562 silly gunzTarPerm extractEntry admin/lib/ace-builds/textarea/src/snippets/ejs.js
563 silly gunzTarPerm extractEntry admin/lib/ace-builds/textarea/src/snippets/sh.js
564 silly gunzTarPerm extractEntry admin/lib/ace-builds/textarea/src/snippets/dot.js
565 silly gunzTarPerm extractEntry admin/lib/ace-builds/textarea/src/snippets/sjs.js
566 silly gunzTarPerm extractEntry admin/lib/ace-builds/textarea/src/snippets/django.js
567 silly gunzTarPerm extractEntry admin/lib/ace-builds/textarea/src/snippets/smarty.js
568 silly gunzTarPerm extractEntry admin/lib/ace-builds/textarea/src/snippets/diff.js
569 silly gunzTarPerm extractEntry admin/lib/ace-builds/textarea/src/snippets/snippets.js
570 silly gunzTarPerm extractEntry admin/lib/ace-builds/textarea/src/snippets/dart.js
571 silly gunzTarPerm extractEntry admin/lib/ace-builds/textarea/src/snippets/soy_template.js
572 silly gunzTarPerm extractEntry admin/lib/ace-builds/textarea/src/snippets/d.js
573 silly gunzTarPerm extractEntry admin/lib/ace-builds/textarea/src/snippets/space.js
574 silly gunzTarPerm extractEntry admin/lib/ace-builds/textarea/src/snippets/curly.js
575 silly gunzTarPerm extractEntry admin/lib/ace-builds/textarea/src/snippets/sql.js
576 silly gunzTarPerm extractEntry admin/lib/ace-builds/textarea/src/snippets/css.js
577 silly gunzTarPerm extractEntry admin/lib/ace-builds/textarea/src/snippets/stylus.js
578 silly gunzTarPerm extractEntry admin/lib/ace-builds/textarea/src/snippets/csharp.js
579 silly gunzTarPerm extractEntry admin/lib/ace-builds/textarea/src/snippets/svg.js
580 silly gunzTarPerm extractEntry admin/lib/ace-builds/textarea/src/snippets/coldfusion.js
581 silly gunzTarPerm extractEntry admin/lib/ace-builds/textarea/src/snippets/tcl.js
582 silly gunzTarPerm extractEntry admin/lib/ace-builds/textarea/src/snippets/coffee.js
583 silly gunzTarPerm extractEntry admin/lib/ace-builds/textarea/src/snippets/tex.js
584 silly gunzTarPerm extractEntry admin/lib/ace-builds/textarea/src/snippets/cobol.js
585 silly gunzTarPerm extractEntry admin/lib/ace-builds/textarea/src/snippets/text.js
586 silly gunzTarPerm extractEntry admin/lib/ace-builds/textarea/src/snippets/clojure.js
587 silly gunzTarPerm extractEntry admin/lib/ace-builds/textarea/src/snippets/textile.js
588 silly gunzTarPerm extractEntry admin/lib/ace-builds/textarea/src/snippets/cirru.js
589 silly gunzTarPerm extractEntry admin/lib/ace-builds/textarea/src/snippets/toml.js
590 silly gunzTarPerm extractEntry admin/lib/ace-builds/textarea/src/snippets/c_cpp.js
591 silly gunzTarPerm extractEntry admin/lib/ace-builds/textarea/src/snippets/twig.js
592 silly gunzTarPerm extractEntry admin/lib/ace-builds/textarea/src/snippets/c9search.js
593 silly gunzTarPerm extractEntry admin/lib/ace-builds/textarea/src/snippets/typescript.js
594 silly gunzTarPerm extractEntry admin/lib/ace-builds/textarea/src/snippets/batchfile.js
595 silly gunzTarPerm extractEntry admin/lib/ace-builds/textarea/src/snippets/vbscript.js
596 silly gunzTarPerm extractEntry admin/lib/ace-builds/textarea/src/snippets/autohotkey.js
597 silly gunzTarPerm extractEntry admin/lib/ace-builds/textarea/src/snippets/velocity.js
598 silly gunzTarPerm extractEntry admin/lib/ace-builds/textarea/src/snippets/assembly_x86.js
599 silly gunzTarPerm extractEntry admin/lib/ace-builds/textarea/src/snippets/verilog.js
600 silly gunzTarPerm extractEntry admin/lib/ace-builds/textarea/src/snippets/asciidoc.js
601 silly gunzTarPerm extractEntry admin/lib/ace-builds/textarea/src/snippets/vhdl.js
602 silly gunzTarPerm extractEntry admin/lib/ace-builds/textarea/src/snippets/apache_conf.js
603 silly gunzTarPerm extractEntry admin/lib/ace-builds/textarea/src/snippets/xml.js
604 silly gunzTarPerm extractEntry admin/lib/ace-builds/textarea/src/snippets/ada.js
605 silly gunzTarPerm extractEntry admin/lib/ace-builds/textarea/src/snippets/xquery.js
606 silly gunzTarPerm extractEntry admin/lib/ace-builds/textarea/src/snippets/actionscript.js
607 silly gunzTarPerm extractEntry admin/lib/ace-builds/textarea/src/snippets/yaml.js
608 silly gunzTarPerm extractEntry admin/lib/ace-builds/textarea/src/snippets/lua.js
609 silly gunzTarPerm extractEntry admin/lib/ace-builds/textarea/style.css
610 silly gunzTarPerm extractEntry admin/lib/angular/angular.js
611 silly gunzTarPerm extractEntry admin/lib/angular-markdown-directive/markdown.js
612 silly gunzTarPerm extractEntry admin/lib/angular-route/angular-route.js
613 silly gunzTarPerm extractEntry admin/lib/angular-sanitize/angular-sanitize.js
614 silly gunzTarPerm extractEntry admin/lib/angular-ui-ace/ui-ace.js
615 silly gunzTarPerm extractEntry admin/lib/hanson/package.json
616 silly gunzTarPerm extractEntry admin/lib/hanson/.npmignore
617 silly gunzTarPerm extractEntry admin/lib/hanson/README.md
618 silly gunzTarPerm extractEntry admin/lib/hanson/LICENSE
619 silly gunzTarPerm extractEntry admin/lib/hanson/hanson-test.js
620 silly gunzTarPerm extractEntry admin/lib/hanson/hanson.js
621 silly gunzTarPerm extractEntry admin/lib/hanson/hansoncmd.js
622 silly gunzTarPerm extractEntry admin/lib/hanson/.bower.json
623 silly gunzTarPerm extractEntry admin/lib/hanson/.project
624 silly gunzTarPerm extractEntry admin/lib/showdown/package.json
625 silly gunzTarPerm extractEntry admin/lib/showdown/README.md
626 silly gunzTarPerm extractEntry admin/lib/showdown/.bower.json
627 silly gunzTarPerm extractEntry admin/lib/showdown/.travis.yml
628 silly gunzTarPerm extractEntry admin/lib/showdown/compressed/showdown.js
629 silly gunzTarPerm extractEntry admin/lib/showdown/compressed/extensions/github.js
630 silly gunzTarPerm extractEntry admin/lib/showdown/compressed/extensions/google-prettify.js
631 silly gunzTarPerm extractEntry admin/lib/showdown/compressed/extensions/twitter.js
632 silly gunzTarPerm extractEntry admin/lib/showdown/license.txt
633 silly gunzTarPerm extractEntry admin/lib/showdown/src/showdown.js
634 silly gunzTarPerm extractEntry admin/lib/showdown/src/extensions/github.js
635 silly gunzTarPerm extractEntry admin/lib/showdown/src/extensions/prettify.js
636 silly gunzTarPerm extractEntry admin/lib/showdown/src/extensions/table.js
637 silly gunzTarPerm extractEntry admin/lib/showdown/src/extensions/twitter.js
638 silly gunzTarPerm extractEntry admin/styles/bootstrap.min.css
639 silly gunzTarPerm extractEntry admin/styles/font-awesome/css/font-awesome.min.css
640 silly gunzTarPerm extractEntry admin/styles/font-awesome/fonts/FontAwesome.otf
641 silly gunzTarPerm extractEntry admin/styles/font-awesome/fonts/fontawesome-webfont.eot
642 silly gunzTarPerm extractEntry admin/styles/font-awesome/fonts/fontawesome-webfont.svg
643 silly gunzTarPerm extractEntry admin/styles/font-awesome/fonts/fontawesome-webfont.ttf
644 silly gunzTarPerm extractEntry admin/styles/font-awesome/fonts/fontawesome-webfont.woff
645 silly gunzTarPerm extractEntry admin/styles/fonts/oxygen-regular-webfont.eot
646 silly gunzTarPerm extractEntry admin/styles/fonts/oxygen-regular-webfont.svg
647 silly gunzTarPerm extractEntry admin/styles/fonts/oxygen-regular-webfont.ttf
648 silly gunzTarPerm extractEntry admin/styles/fonts/oxygen-regular-webfont.woff
649 silly gunzTarPerm extractEntry admin/styles/md-admin.css
650 silly gunzTarPerm extractEntry admin/styles/md-markdown.css
651 silly gunzTarPerm extractEntry admin/styles/sb-admin.css
652 silly gunzTarPerm extractEntry admin/ts/AppBase.ts
653 silly gunzTarPerm extractEntry admin/ts/appDI.ts
654 silly gunzTarPerm extractEntry admin/ts/config/Router.ts
655 silly gunzTarPerm extractEntry admin/ts/controllers/EditPostController.ts
656 silly gunzTarPerm extractEntry admin/ts/controllers/GalleryPickerController.ts
657 silly gunzTarPerm extractEntry admin/ts/controllers/ListPostsController.ts
658 silly gunzTarPerm extractEntry admin/ts/controllers/MediaController.ts
659 silly gunzTarPerm extractEntry admin/ts/controllers/SideController.ts
660 silly gunzTarPerm extractEntry admin/ts/directives/EnterKey.ts
661 silly gunzTarPerm extractEntry admin/ts/directives/FileDropZoneDirective.ts
662 silly gunzTarPerm extractEntry admin/ts/directives/GalleryPicker.ts
663 silly gunzTarPerm extractEntry admin/ts/filters/ToArray.ts
664 silly gunzTarPerm extractEntry admin/ts/app.ts
665 silly gunzTarPerm extractEntry admin/ts/models/Post.ts
666 silly gunzTarPerm extractEntry admin/ts/reference.ts
667 silly gunzTarPerm extractEntry admin/ts/services/FileUploader.ts
668 silly gunzTarPerm extractEntry admin/ts/services/FlickrCommons.ts
669 silly gunzTarPerm extractEntry admin/ts/services/GalleryPicker.ts
670 silly gunzTarPerm extractEntry admin/ts/services/HanSON.ts
671 silly gunzTarPerm extractEntry admin/ts/services/Media.ts
672 silly gunzTarPerm extractEntry admin/ts/services/MessageBus.ts
673 silly gunzTarPerm extractEntry admin/ts/services/PostDirectory.ts
674 silly gunzTarPerm extractEntry admin/ts/services/PostLoader.ts
675 silly gunzTarPerm extractEntry admin/ts/services/PostWriter.ts
676 silly gunzTarPerm extractEntry admin/ts/tsd.json
677 silly gunzTarPerm extractEntry admin/ts/typings/ace/ace.d.ts
678 silly gunzTarPerm extractEntry admin/ts/typings/angularjs/angular-route.d.ts
679 silly gunzTarPerm extractEntry admin/ts/typings/angularjs/angular.d.ts
680 silly gunzTarPerm extractEntry admin/ts/typings/jquery/jquery.d.ts
681 silly gunzTarPerm extractEntry admin/ts/typings/tsd.d.ts
682 silly gunzTarPerm extractEntry admin/ts/views/EditPostView.html
683 silly gunzTarPerm extractEntry admin/ts/views/EditPostView.html.ts
684 silly gunzTarPerm extractEntry admin/ts/views/ListPostView.html
685 silly gunzTarPerm extractEntry admin/ts/views/ListPostView.html.ts
686 silly gunzTarPerm extractEntry admin/ts/views/directives/GalleryPicker.html
687 silly gunzTarPerm extractEntry admin/ts/views/directives/GalleryPicker.html.ts
688 silly lockFile a7fae9b2--npm-cabinjs-admin-0-0-1-package tar:///Users/xperiments/.npm/cabinjs-admin/0.0.1/package
689 silly lockFile a7fae9b2--npm-cabinjs-admin-0-0-1-package tar:///Users/xperiments/.npm/cabinjs-admin/0.0.1/package
690 silly lockFile 65275b83-73263-0-5201469212770462-tmp-tgz tar:///var/folders/yh/xbpwnzy904s1g783v6zxyv3c0000gn/T/npm-3154-pfMlWDj-/1402949773263-0.5201469212770462/tmp.tgz
691 silly lockFile 65275b83-73263-0-5201469212770462-tmp-tgz tar:///var/folders/yh/xbpwnzy904s1g783v6zxyv3c0000gn/T/npm-3154-pfMlWDj-/1402949773263-0.5201469212770462/tmp.tgz
692 silly lockFile 3a52ce78- .
693 silly lockFile 3a52ce78- .
694 silly publish { name: 'cabinjs-admin',
694 silly publish   version: '0.0.1',
694 silly publish   description: 'Simple CabinJS Blog Admin',
694 silly publish   main: 'cabinjs-admin.js',
694 silly publish   repository:
694 silly publish    { type: 'git',
694 silly publish      url: 'git://github.com/xperiments/cabinjs-admin.git' },
694 silly publish   author: { name: 'Pedro Casaubon', email: 'xperiments@gmail.com' },
694 silly publish   license: 'MIT',
694 silly publish   readme: 'CabinJS Admin\n=============\n\nSimple CabinJS Blog Admin.\n\n## Installation\n\nOpen a terminal window, navigate to the CabinJS working directory an type:\n\n\t$ npm install cabinjs-admin\n\t\nThis will install the required "cabinjs-admin" module.\n\nEdit the CabinJS Gruntfile.js and insert this line at top:\n\n\tvar cabinjsAdmin = require(\'cabinjs-admin\')(__dirname);\n\t\nLocate the "connect" options and add the middleware key as:\n\t\n\tconnect: {\n\t  dist: {\n\t\toptions: {\n\t\t  port: 5455,\n\t\t  hostname: \'0.0.0.0\',\n\t\t  base: \'dist\',\n\t\t  livereload: true,\n\t\t  middleware:cabinjsAdmin /* Add this line */\n\t\t}\n\t  }\n\t}\n\n## Admin\n\nNavigate to http://localhost:5455/admin\n\n\n## Features\n\n* Edit Title, Desciption, Date, Categories and Head Image\n* Integrated markdown editor with preview and media manager.\n* Small without dependencies\n* Upload Images to the images folder\n* Download online images using the "dropable" area.\n\n## Todo\n\n* Testing\n* Configurable post metadata ( add custom metadata & reflet it on the form )\n\n',
694 silly publish   readmeFilename: 'README.md',
694 silly publish   bugs: { url: 'https://github.com/xperiments/cabinjs-admin/issues' },
694 silly publish   homepage: 'https://github.com/xperiments/cabinjs-admin',
694 silly publish   _id: 'cabinjs-admin@0.0.1',
694 silly publish   _shasum: '868e83d28f5559215d3dac83f53465c9e6805f18',
694 silly publish   _from: '.' }
695 verbose url raw cabinjs-admin
696 verbose url resolving [ 'http://registry.npmjs.eu/', './cabinjs-admin' ]
697 verbose url resolved http://registry.npmjs.eu/cabinjs-admin
698 info trying registry request attempt 1 at 22:16:16
699 http PUT http://registry.npmjs.eu/cabinjs-admin
700 http 403 http://registry.npmjs.eu/cabinjs-admin
701 verbose bad json <html><body><h1>403 Forbidden</h1>
701 verbose bad json Request forbidden by administrative rules.
701 verbose bad json </body></html>
702 error registry error parsing json
703 verbose headers { 'cache-control': 'no-cache',
703 verbose headers   connection: 'close',
703 verbose headers   'content-type': 'text/html' }
704 error publish Failed PUT 403
705 error SyntaxError: Unexpected token <
705 error <html><body><h1>403 Forbidden</h1>
705 error Request forbidden by administrative rules.
705 error </body></html>
705 error
705 error     at Object.parse (native)
705 error     at RegClient.<anonymous> (/usr/local/lib/node_modules/npm/node_modules/npm-registry-client/lib/request.js:239:23)
705 error     at Request._callback (/usr/local/lib/node_modules/npm/node_modules/npm-registry-client/lib/request.js:211:65)
705 error     at Request.self.callback (/usr/local/lib/node_modules/npm/node_modules/request/request.js:123:22)
705 error     at Request.EventEmitter.emit (events.js:98:17)
705 error     at Request.<anonymous> (/usr/local/lib/node_modules/npm/node_modules/request/request.js:893:14)
705 error     at Request.EventEmitter.emit (events.js:117:20)
705 error     at IncomingMessage.<anonymous> (/usr/local/lib/node_modules/npm/node_modules/request/request.js:844:12)
705 error     at IncomingMessage.EventEmitter.emit (events.js:117:20)
705 error     at _stream_readable.js:919:16
706 error If you need help, you may report this *entire* log,
706 error including the npm and node versions, at:
706 error     <http://github.com/npm/npm/issues>
707 error System Darwin 13.2.0
708 error command "node" "/usr/local/bin/npm" "--registry" "http://registry.npmjs.eu/" "publish"
709 error cwd /Users/xperiments/Desktop/cabinjs-admin
710 error node -v v0.10.28
711 error npm -v 1.4.9
712 error type unexpected_token
713 verbose exit [ 1, true ]
